
6월 05, 2023 09:34:00.17 NEW SESSION
6월 05, 2023 09:34:00.17 INFO: Created TensorFlow Lite XNNPACK delegate for CPU.
6월 05, 2023 11:41:40.38 [13820:16004:0605/114140.380:ERROR:device_event_log_impl.cc(222)] [11:41:40.381] Bluetooth: bluetooth_adapter_winrt.cc:1058 Getting Default Adapter failed.
6월 05, 2023 17:32:50.86 [13820:16004:0605/173250.869:ERROR:sharing_service.cc(252)] Device un-registration failed with fatal error

6월 07, 2023 09:46:46.13 NEW SESSION
6월 07, 2023 09:46:46.13 INFO: Created TensorFlow Lite XNNPACK delegate for CPU.
6월 07, 2023 12:07:55.56 [16908:300:0607/120755.560:ERROR:device_event_log_impl.cc(222)] [12:07:55.561] Bluetooth: bluetooth_adapter_winrt.cc:1058 Getting Default Adapter failed.
6월 07, 2023 16:22:56.50 [16908:300:0607/162256.506:ERROR:interface_endpoint_client.cc(697)] Message 1 rejected by interface blink.mojom.WidgetHost

6월 20, 2023 09:36:28.30 NEW SESSION
6월 20, 2023 09:36:28.30 INFO: Created TensorFlow Lite XNNPACK delegate for CPU.
6월 20, 2023 09:48:24.10 [1580:8184:0620/094824.105:ERROR:device_event_log_impl.cc(222)] [09:48:24.106] Bluetooth: bluetooth_adapter_winrt.cc:1058 Getting Default Adapter failed.
6월 20, 2023 10:00:58.89 [1580:8184:0620/100058.895:ERROR:device_event_log_impl.cc(222)] [10:00:58.894] USB: usb_service_win.cc:104 SetupDiGetDeviceProperty({{A45C254E-DF1C-4EFD-8020-67D146A850E0}, 6}) failed: 요소가 없습니다. (0x490)
6월 20, 2023 10:00:58.89 [1580:8184:0620/100058.899:ERROR:device_event_log_impl.cc(222)] [10:00:58.898] USB: usb_service_win.cc:307 SetupDiEnumDeviceInterfaces: 사용 가능한 데이터가 없습니다. (0x103)

6월 26, 2023 09:41:00.27 NEW SESSION
6월 26, 2023 09:41:00.27 INFO: Created TensorFlow Lite XNNPACK delegate for CPU.
6월 26, 2023 09:43:41.37 [13660:9128:0626/094341.370:ERROR:interface_endpoint_client.cc(697)] Message 1 rejected by interface blink.mojom.WidgetHost
6월 26, 2023 09:43:41.37 [13660:9128:0626/094341.370:ERROR:interface_endpoint_client.cc(697)] Message 1 rejected by interface blink.mojom.WidgetHost

6월 27, 2023 09:24:22.96 NEW SESSION
6월 27, 2023 09:24:22.96 INFO: Created TensorFlow Lite XNNPACK delegate for CPU.
6월 27, 2023 09:40:12.67 [2608:11744:0627/094012.670:ERROR:interface_endpoint_client.cc(697)] Message 1 rejected by interface blink.mojom.WidgetHost
6월 27, 2023 11:21:52.21 [2608:11744:0627/112152.216:ERROR:device_event_log_impl.cc(222)] [11:21:52.216] Bluetooth: bluetooth_adapter_winrt.cc:1058 Getting Default Adapter failed.
6월 27, 2023 14:24:40.92 [2608:11744:0627/142440.929:ERROR:interface_endpoint_client.cc(697)] Message 1 rejected by interface blink.mojom.WidgetHost
6월 27, 2023 14:24:40.92 [2608:11744:0627/142440.929:ERROR:interface_endpoint_client.cc(697)] Message 1 rejected by interface blink.mojom.WidgetHost
6월 27, 2023 14:24:40.92 [2608:11744:0627/142440.929:ERROR:interface_endpoint_client.cc(697)] Message 1 rejected by interface blink.mojom.WidgetHost

6월 28, 2023 10:00:27.17 NEW SESSION
6월 28, 2023 10:00:27.17 INFO: Created TensorFlow Lite XNNPACK delegate for CPU.
6월 28, 2023 11:22:28.59 [5720:1228:0628/112228.595:ERROR:connection_factory_impl.cc(428)] Failed to connect to MCS endpoint with error -105
6월 28, 2023 11:22:58.03 [5720:1228:0628/112258.039:ERROR:connection_factory_impl.cc(428)] Failed to connect to MCS endpoint with error -105
6월 28, 2023 11:23:54.85 [5720:1228:0628/112354.857:ERROR:connection_factory_impl.cc(428)] Failed to connect to MCS endpoint with error -105
6월 28, 2023 11:25:20.55 [5720:1228:0628/112520.551:ERROR:connection_factory_impl.cc(428)] Failed to connect to MCS endpoint with error -105
6월 28, 2023 11:28:20.55 [5720:1228:0628/112820.550:ERROR:connection_factory_impl.cc(428)] Failed to connect to MCS endpoint with error -105
6월 28, 2023 11:35:26.03 [5720:1228:0628/113526.036:ERROR:connection_factory_impl.cc(428)] Failed to connect to MCS endpoint with error -105
6월 28, 2023 11:45:26.03 [5720:1228:0628/114526.039:ERROR:connection_factory_impl.cc(428)] Failed to connect to MCS endpoint with error -105
6월 28, 2023 11:55:26.04 [5720:1228:0628/115526.045:ERROR:connection_factory_impl.cc(428)] Failed to connect to MCS endpoint with error -105
6월 28, 2023 12:05:26.05 [5720:1228:0628/120526.059:ERROR:connection_factory_impl.cc(428)] Failed to connect to MCS endpoint with error -105
6월 28, 2023 12:15:26.06 [5720:1228:0628/121526.064:ERROR:connection_factory_impl.cc(428)] Failed to connect to MCS endpoint with error -105
6월 28, 2023 12:25:26.06 [5720:1228:0628/122526.069:ERROR:connection_factory_impl.cc(428)] Failed to connect to MCS endpoint with error -105
6월 28, 2023 12:35:26.07 [5720:1228:0628/123526.075:ERROR:connection_factory_impl.cc(428)] Failed to connect to MCS endpoint with error -105
6월 28, 2023 12:45:26.09 [5720:1228:0628/124526.090:ERROR:connection_factory_impl.cc(428)] Failed to connect to MCS endpoint with error -105
6월 28, 2023 12:55:26.10 [5720:1228:0628/125526.105:ERROR:connection_factory_impl.cc(428)] Failed to connect to MCS endpoint with error -105
6월 28, 2023 13:05:26.12 [5720:1228:0628/130526.122:ERROR:connection_factory_impl.cc(428)] Failed to connect to MCS endpoint with error -105
6월 28, 2023 13:15:26.12 [5720:1228:0628/131526.124:ERROR:connection_factory_impl.cc(428)] Failed to connect to MCS endpoint with error -105
6월 28, 2023 13:15:44.57 [5720:11740:0628/131544.579:ERROR:interface_endpoint_client.cc(697)] Message 1 rejected by interface blink.mojom.WidgetHost
6월 28, 2023 13:25:26.12 [5720:1228:0628/132526.126:ERROR:connection_factory_impl.cc(428)] Failed to connect to MCS endpoint with error -105
6월 28, 2023 13:35:26.13 [5720:1228:0628/133526.133:ERROR:connection_factory_impl.cc(428)] Failed to connect to MCS endpoint with error -105
6월 28, 2023 13:45:26.14 [5720:1228:0628/134526.148:ERROR:connection_factory_impl.cc(428)] Failed to connect to MCS endpoint with error -105
6월 28, 2023 13:55:26.16 [5720:1228:0628/135526.164:ERROR:connection_factory_impl.cc(428)] Failed to connect to MCS endpoint with error -105
6월 28, 2023 15:17:24.83 [5720:11740:0628/151724.839:ERROR:device_event_log_impl.cc(222)] [15:17:24.839] Bluetooth: bluetooth_adapter_winrt.cc:1058 Getting Default Adapter failed.
6월 28, 2023 17:33:48.15 [5720:11740:0628/173348.159:ERROR:interface_endpoint_client.cc(697)] Message 1 rejected by interface blink.mojom.WidgetHost
